# JRE version: OpenJDK Runtime Environment JBR-17.0.10+1-1087.17-jcef (17.0.10+1) (build 17.0.10+1-b1087.17)
# Java VM: OpenJDK 64-Bit Server VM JBR-17.0.10+1-1087.17-jcef (17.0.10+1-b1087.17, mixed mode, tiered, compressed oops, compressed class ptrs, g1 gc, windows-amd64)
GC Precious Log:
 CPUs: 4 total, 4 available
 Memory: 8104M
 Large Page Support: Disabled
 NUMA Support: Disabled
 Compressed Oops: Enabled (32-bit)
 Heap Region Size: 1M
 Heap Min Capacity: 128M
 Heap Initial Capacity: 128M
 Heap Max Capacity: 2G
 Pre-touch: Disabled
 Parallel Workers: 4
 Concurrent Workers: 1
 Concurrent Refinement Workers: 4
 Periodic GC: Disabled
Heap:
 garbage-first heap   total 131072K, used 13308K [0x0000000080000000, 0x0000000100000000)
  region size 1024K, 5 young (5120K), 0 survivors (0K)
 Metaspace       used 25526K, committed 26112K, reserved 1114112K
  class space    used 2619K, committed 2816K, reserved 1048576K
GC Heap History (10 events):
Event: 5.502 GC heap before
{Heap before GC invocations=0 (full 0):
 garbage-first heap   total 131072K, used 15360K [0x0000000080000000, 0x0000000100000000)
  region size 1024K, 13 young (13312K), 0 survivors (0K)
 Metaspace       used 14413K, committed 14720K, reserved 1114112K
  class space    used 1507K, committed 1664K, reserved 1048576K
}
Event: 5.707 GC heap after
{Heap after GC invocations=1 (full 0):
 garbage-first heap   total 131072K, used 6887K [0x0000000080000000, 0x0000000100000000)
  region size 1024K, 2 young (2048K), 2 survivors (2048K)
 Metaspace       used 14413K, committed 14720K, reserved 1114112K
  class space    used 1507K, committed 1664K, reserved 1048576K
}
Event: 7.354 GC heap before
{Heap before GC invocations=1 (full 0):
 garbage-first heap   total 131072K, used 17127K [0x0000000080000000, 0x0000000100000000)
  region size 1024K, 13 young (13312K), 2 survivors (2048K)
 Metaspace       used 21309K, committed 21504K, reserved 1114112K
  class space    used 2288K, committed 2368K, reserved 1048576K
}
Event: 7.361 GC heap after
{Heap after GC invocations=2 (full 0):
 garbage-first heap   total 131072K, used 8716K [0x0000000080000000, 0x0000000100000000)
  region size 1024K, 2 young (2048K), 2 survivors (2048K)
 Metaspace       used 21309K, committed 21504K, reserved 1114112K
  class space    used 2288K, committed 2368K, reserved 1048576K
}
Event: 194.120 GC heap before
{Heap before GC invocations=3 (full 0):
 garbage-first heap   total 131072K, used 33292K [0x0000000080000000, 0x0000000100000000)
  region size 1024K, 26 young (26624K), 2 survivors (2048K)
 Metaspace       used 24649K, committed 25024K, reserved 1114112K
  class space    used 2571K, committed 2752K, reserved 1048576K
}
Event: 194.137 GC heap after
{Heap after GC invocations=4 (full 0):
 garbage-first heap   total 131072K, used 10152K [0x0000000080000000, 0x0000000100000000)
  region size 1024K, 4 young (4096K), 4 survivors (4096K)
 Metaspace       used 24649K, committed 25024K, reserved 1114112K
  class space    used 2571K, committed 2752K, reserved 1048576K
}
Event: 3607.396 GC heap before
{Heap before GC invocations=4 (full 0):
 garbage-first heap   total 131072K, used 77736K [0x0000000080000000, 0x0000000100000000)
  region size 1024K, 71 young (72704K), 4 survivors (4096K)
 Metaspace       used 25735K, committed 26112K, reserved 1114112K
  class space    used 2668K, committed 2816K, reserved 1048576K
}
Event: 3607.582 GC heap after
{Heap after GC invocations=5 (full 1):
 garbage-first heap   total 131072K, used 10069K [0x0000000080000000, 0x0000000100000000)
  region size 1024K, 0 young (0K), 0 survivors (0K)
 Metaspace       used 25735K, committed 26112K, reserved 1114112K
  class space    used 2668K, committed 2816K, reserved 1048576K
}
Event: 28232.259 GC heap before
{Heap before GC invocations=5 (full 1):
 garbage-first heap   total 131072K, used 16213K [0x0000000080000000, 0x0000000100000000)
  region size 1024K, 7 young (7168K), 0 survivors (0K)
 Metaspace       used 25755K, committed 26112K, reserved 1114112K
  class space    used 2668K, committed 2816K, reserved 1048576K
}
Event: 28232.554 GC heap after
{Heap after GC invocations=6 (full 2):
 garbage-first heap   total 131072K, used 9212K [0x0000000080000000, 0x0000000100000000)
  region size 1024K, 0 young (0K), 0 survivors (0K)
 Metaspace       used 25524K, committed 26112K, reserved 1114112K
  class space    used 2619K, committed 2816K, reserved 1048576K
}

